<?xml version="1.0" encoding="UTF-8"?>
<!-- Generated by org.testng.reporters.JUnitReportReporter -->
<testsuite skipped="0" hostname="DESKTOP-3063GRI" name="UbuyTestUserName" tests="1" failures="0" timestamp="04 Sep 2019 12:08:37 GMT" time="43.324" errors="0">
  <testcase name="ValidateName" time="43.324" classname="UbuyTestUserName"/>
</testsuite> <!-- UbuyTestUserName -->
