<?xml version="1.0" encoding="UTF-8"?>
<!-- Generated by org.testng.reporters.JUnitReportReporter -->
<testsuite skipped="0" hostname="DESKTOP-3063GRI" name="RedBusBookingTickets" tests="1" failures="0" timestamp="07 Sep 2019 18:33:52 GMT" time="26.347" errors="0">
  <testcase name="bookingTicketsForNextThreeMonths" time="26.347" classname="RedBusBookingTickets"/>
</testsuite> <!-- RedBusBookingTickets -->
