<?xml version="1.0" encoding="UTF-8"?>
<!-- Generated by org.testng.reporters.JUnitReportReporter -->
<testsuite skipped="0" hostname="DESKTOP-3063GRI" name="Testclass" tests="1" failures="0" timestamp="14 Sep 2019 14:59:26 GMT" time="13.343" errors="0">
  <testcase name="select" time="13.343" classname="Testclass"/>
</testsuite> <!-- Testclass -->
