<?xml version="1.0" encoding="UTF-8"?>
<!-- Generated by org.testng.reporters.JUnitReportReporter -->
<testsuite skipped="0" hostname="DESKTOP-3063GRI" name="com.vezet.methods.ElementMethods" tests="1" failures="0" timestamp="28 Aug 2019 18:29:54 GMT" time="44.214" errors="0">
  <testcase name="trry" time="44.214" classname="com.vezet.methods.ElementMethods"/>
</testsuite> <!-- com.vezet.methods.ElementMethods -->
